2012/02/01 15:28:02 [error] [system.db.CDbCommand] CDbCommand::fetchAll() failed: SQLSTATE[HY093]: Invalid parameter number: no parameters were bound. The SQL statement executed was: SELECT vehiculos.patente, tipos_vehiculos.nombre as nombretipovehiculo, personal.nombre as nombrepersonal, personal.apellido_pat, areas_empresa.nombre as nombreareaempresa, sum(detalles_ot.subtotal) as reparaciones , (vehiculos.gastoAcumulado + sum(detalles_ot.subtotal)) as acumulado, MIN(orden_trabajo.kilometraje) as inicial, MAX(orden_trabajo.kilometraje) as final, (MAX(orden_trabajo.kilometraje) - MIN(orden_trabajo.kilometraje)) as recorrido , ((vehiculos.gastoAcumulado + sum(detalles_ot.subtotal))/(MAX(orden_trabajo.kilometraje))) as pesoskm from (select * from historial_vehiculos where historial_vehiculos.fecha <= :fechainic ORDER BY historial_vehiculos.fecha DESC) as histo INNER JOIN vehiculos on vehiculos.id = histo.id_vehiculo INNER JOIN tipos_vehiculos on vehiculos.idTipoVehiculo = tipos_vehiculos.id INNER JOIN personal on personal.id = histo.id_persona INNER JOIN cargos_empresa  on personal.id_cargo_empresa = cargos_empresa.id INNER JOIN areas_empresa on areas_empresa.id = cargos_empresa.id_area_empresa INNER JOIN orden_trabajo on orden_trabajo.id_vehiculo = vehiculos.id INNER JOIN detalles_ot on detalles_ot.id_ot = orden_trabajo.id GROUP BY histo.id_vehiculo.
in C:\wamp\www\vehiculos\protected\controllers\SiteController.php (126)
in C:\wamp\www\vehiculos\index.php (13)
2012/02/01 15:28:02 [error] [exception.CDbException] exception 'CDbException' with message 'CDbCommand failed to execute the SQL statement: SQLSTATE[HY093]: Invalid parameter number: no parameters were bound. The SQL statement executed was: SELECT vehiculos.patente, tipos_vehiculos.nombre as nombretipovehiculo, personal.nombre as nombrepersonal, personal.apellido_pat, areas_empresa.nombre as nombreareaempresa, sum(detalles_ot.subtotal) as reparaciones , (vehiculos.gastoAcumulado + sum(detalles_ot.subtotal)) as acumulado, MIN(orden_trabajo.kilometraje) as inicial, MAX(orden_trabajo.kilometraje) as final, (MAX(orden_trabajo.kilometraje) - MIN(orden_trabajo.kilometraje)) as recorrido , ((vehiculos.gastoAcumulado + sum(detalles_ot.subtotal))/(MAX(orden_trabajo.kilometraje))) as pesoskm from (select * from historial_vehiculos where historial_vehiculos.fecha <= :fechainic ORDER BY historial_vehiculos.fecha DESC) as histo INNER JOIN vehiculos on vehiculos.id = histo.id_vehiculo INNER JOIN tipos_vehiculos on vehiculos.idTipoVehiculo = tipos_vehiculos.id INNER JOIN personal on personal.id = histo.id_persona INNER JOIN cargos_empresa  on personal.id_cargo_empresa = cargos_empresa.id INNER JOIN areas_empresa on areas_empresa.id = cargos_empresa.id_area_empresa INNER JOIN orden_trabajo on orden_trabajo.id_vehiculo = vehiculos.id INNER JOIN detalles_ot on detalles_ot.id_ot = orden_trabajo.id GROUP BY histo.id_vehiculo' in C:\wamp\www\framework\db\CDbCommand.php:528
Stack trace:
#0 C:\wamp\www\framework\db\CDbCommand.php(390): CDbCommand->queryInternal('fetchAll', Array, Array)
#1 C:\wamp\www\vehiculos\protected\controllers\SiteController.php(126): CDbCommand->queryAll()
#2 C:\wamp\www\framework\web\actions\CInlineAction.php(50): SiteController->actionBParcial()
#3 C:\wamp\www\framework\web\CController.php(309): CInlineAction->runWithParams(Array)
#4 C:\wamp\www\framework\web\CController.php(287): CController->runAction(Object(CInlineAction))
#5 C:\wamp\www\framework\web\CController.php(266): CController->runActionWithFilters(Object(CInlineAction), Array)
#6 C:\wamp\www\framework\web\CWebApplication.php(276): CController->run('bparcial')
#7 C:\wamp\www\framework\web\CWebApplication.php(135): CWebApplication->runController('site/bparcial')
#8 C:\wamp\www\framework\base\CApplication.php(162): CWebApplication->processRequest()
#9 C:\wamp\www\vehiculos\index.php(13): CApplication->run()
#10 {main}
REQUEST_URI=/vehiculos/index.php/site/bparcial
HTTP_REFERER=http://localhost/vehiculos/index.php/site/parcial
---
2012/02/01 15:29:00 [error] [php] Undefined variable: rawData (C:\wamp\www\vehiculos\protected\controllers\SiteController.php:126)
Stack trace:
#0 C:\wamp\www\framework\web\CController.php(287): SiteController->runAction()
#1 C:\wamp\www\framework\web\CController.php(266): SiteController->runActionWithFilters()
#2 C:\wamp\www\framework\web\CWebApplication.php(276): SiteController->run()
#3 C:\wamp\www\framework\web\CWebApplication.php(135): CWebApplication->runController()
#4 C:\wamp\www\framework\base\CApplication.php(162): CWebApplication->processRequest()
#5 C:\wamp\www\vehiculos\index.php(13): CWebApplication->run()
REQUEST_URI=/vehiculos/index.php/site/bparcial
in C:\wamp\www\vehiculos\protected\controllers\SiteController.php (126)
in C:\wamp\www\vehiculos\index.php (13)
2012/02/01 15:29:55 [error] [php] Undefined index: id (C:\wamp\www\framework\web\CArrayDataProvider.php:102)
Stack trace:
#0 C:\wamp\www\framework\zii\widgets\CBaseListView.php(127): CGridView->renderKeys()
#1 C:\wamp\www\framework\web\CBaseController.php(174): CGridView->run()
#2 C:\wamp\www\vehiculos\protected\views\site\bparcial.php(13): SiteController->widget()
#3 C:\wamp\www\framework\web\CBaseController.php(127): require()
#4 C:\wamp\www\framework\web\CBaseController.php(96): SiteController->renderInternal()
#5 C:\wamp\www\framework\web\CController.php(870): SiteController->renderFile()
#6 C:\wamp\www\framework\web\CController.php(783): SiteController->renderPartial()
#7 C:\wamp\www\vehiculos\protected\controllers\SiteController.php(129): SiteController->render()
#8 C:\wamp\www\framework\web\actions\CInlineAction.php(50): SiteController->actionBparcial()
#9 C:\wamp\www\framework\web\CController.php(309): CInlineAction->runWithParams()
#10 C:\wamp\www\framework\web\CController.php(287): SiteController->runAction()
#11 C:\wamp\www\framework\web\CController.php(266): SiteController->runActionWithFilters()
#12 C:\wamp\www\framework\web\CWebApplication.php(276): SiteController->run()
#13 C:\wamp\www\framework\web\CWebApplication.php(135): CWebApplication->runController()
#14 C:\wamp\www\framework\base\CApplication.php(162): CWebApplication->processRequest()
#15 C:\wamp\www\vehiculos\index.php(13): CWebApplication->run()
REQUEST_URI=/vehiculos/index.php/site/bparcial
in C:\wamp\www\vehiculos\protected\views\site\bparcial.php (13)
in C:\wamp\www\vehiculos\protected\controllers\SiteController.php (129)
in C:\wamp\www\vehiculos\index.php (13)
2012/02/01 15:30:08 [error] [php] Undefined index: id (C:\wamp\www\framework\web\CArrayDataProvider.php:102)
Stack trace:
#0 C:\wamp\www\framework\zii\widgets\CBaseListView.php(127): CGridView->renderKeys()
#1 C:\wamp\www\framework\web\CBaseController.php(174): CGridView->run()
#2 C:\wamp\www\vehiculos\protected\views\site\bparcial.php(13): SiteController->widget()
#3 C:\wamp\www\framework\web\CBaseController.php(127): require()
#4 C:\wamp\www\framework\web\CBaseController.php(96): SiteController->renderInternal()
#5 C:\wamp\www\framework\web\CController.php(870): SiteController->renderFile()
#6 C:\wamp\www\framework\web\CController.php(783): SiteController->renderPartial()
#7 C:\wamp\www\vehiculos\protected\controllers\SiteController.php(129): SiteController->render()
#8 C:\wamp\www\framework\web\actions\CInlineAction.php(50): SiteController->actionBparcial()
#9 C:\wamp\www\framework\web\CController.php(309): CInlineAction->runWithParams()
#10 C:\wamp\www\framework\web\CController.php(287): SiteController->runAction()
#11 C:\wamp\www\framework\web\CController.php(266): SiteController->runActionWithFilters()
#12 C:\wamp\www\framework\web\CWebApplication.php(276): SiteController->run()
#13 C:\wamp\www\framework\web\CWebApplication.php(135): CWebApplication->runController()
#14 C:\wamp\www\framework\base\CApplication.php(162): CWebApplication->processRequest()
#15 C:\wamp\www\vehiculos\index.php(13): CWebApplication->run()
REQUEST_URI=/vehiculos/index.php/site/bparcial
in C:\wamp\www\vehiculos\protected\views\site\bparcial.php (13)
in C:\wamp\www\vehiculos\protected\controllers\SiteController.php (129)
in C:\wamp\www\vehiculos\index.php (13)
2012/02/01 15:30:27 [error] [php] Undefined index: id (C:\wamp\www\framework\web\CArrayDataProvider.php:102)
Stack trace:
#0 C:\wamp\www\framework\zii\widgets\CBaseListView.php(127): CGridView->renderKeys()
#1 C:\wamp\www\framework\web\CBaseController.php(174): CGridView->run()
#2 C:\wamp\www\vehiculos\protected\views\site\bparcial.php(13): SiteController->widget()
#3 C:\wamp\www\framework\web\CBaseController.php(127): require()
#4 C:\wamp\www\framework\web\CBaseController.php(96): SiteController->renderInternal()
#5 C:\wamp\www\framework\web\CController.php(870): SiteController->renderFile()
#6 C:\wamp\www\framework\web\CController.php(783): SiteController->renderPartial()
#7 C:\wamp\www\vehiculos\protected\controllers\SiteController.php(128): SiteController->render()
#8 C:\wamp\www\framework\web\actions\CInlineAction.php(50): SiteController->actionBparcial()
#9 C:\wamp\www\framework\web\CController.php(309): CInlineAction->runWithParams()
#10 C:\wamp\www\framework\web\CController.php(287): SiteController->runAction()
#11 C:\wamp\www\framework\web\CController.php(266): SiteController->runActionWithFilters()
#12 C:\wamp\www\framework\web\CWebApplication.php(276): SiteController->run()
#13 C:\wamp\www\framework\web\CWebApplication.php(135): CWebApplication->runController()
#14 C:\wamp\www\framework\base\CApplication.php(162): CWebApplication->processRequest()
#15 C:\wamp\www\vehiculos\index.php(13): CWebApplication->run()
REQUEST_URI=/vehiculos/index.php/site/bparcial
in C:\wamp\www\vehiculos\protected\views\site\bparcial.php (13)
in C:\wamp\www\vehiculos\protected\controllers\SiteController.php (128)
in C:\wamp\www\vehiculos\index.php (13)
2012/02/01 15:32:28 [error] [php] Undefined index: id (C:\wamp\www\framework\web\CArrayDataProvider.php:102)
Stack trace:
#0 C:\wamp\www\framework\zii\widgets\CBaseListView.php(127): CGridView->renderKeys()
#1 C:\wamp\www\framework\web\CBaseController.php(174): CGridView->run()
#2 C:\wamp\www\vehiculos\protected\views\site\bparcial.php(13): SiteController->widget()
#3 C:\wamp\www\framework\web\CBaseController.php(127): require()
#4 C:\wamp\www\framework\web\CBaseController.php(96): SiteController->renderInternal()
#5 C:\wamp\www\framework\web\CController.php(870): SiteController->renderFile()
#6 C:\wamp\www\framework\web\CController.php(783): SiteController->renderPartial()
#7 C:\wamp\www\vehiculos\protected\controllers\SiteController.php(128): SiteController->render()
#8 C:\wamp\www\framework\web\actions\CInlineAction.php(50): SiteController->actionBparcial()
#9 C:\wamp\www\framework\web\CController.php(309): CInlineAction->runWithParams()
#10 C:\wamp\www\framework\web\CController.php(287): SiteController->runAction()
#11 C:\wamp\www\framework\web\CController.php(266): SiteController->runActionWithFilters()
#12 C:\wamp\www\framework\web\CWebApplication.php(276): SiteController->run()
#13 C:\wamp\www\framework\web\CWebApplication.php(135): CWebApplication->runController()
#14 C:\wamp\www\framework\base\CApplication.php(162): CWebApplication->processRequest()
#15 C:\wamp\www\vehiculos\index.php(13): CWebApplication->run()
REQUEST_URI=/vehiculos/index.php/site/bparcial
in C:\wamp\www\vehiculos\protected\views\site\bparcial.php (13)
in C:\wamp\www\vehiculos\protected\controllers\SiteController.php (128)
in C:\wamp\www\vehiculos\index.php (13)
2012/02/01 15:56:27 [warning] [application] Failed to set unsafe attribute "idVehiculo" of "OrdenTrabajo".
in C:\wamp\www\vehiculos\protected\controllers\OrdenTrabajoController.php (103)
in C:\wamp\www\vehiculos\index.php (13)
2012/02/01 15:56:27 [warning] [application] Failed to set unsafe attribute "idRf" of "OrdenTrabajo".
in C:\wamp\www\vehiculos\protected\controllers\OrdenTrabajoController.php (103)
in C:\wamp\www\vehiculos\index.php (13)
2012/02/01 15:56:27 [warning] [application] Failed to set unsafe attribute "id" of "DetallesOt".
in C:\wamp\www\vehiculos\protected\extensions\multimodelform\MultiModelForm.php (439)
in C:\wamp\www\vehiculos\protected\extensions\multimodelform\MultiModelForm.php (372)
in C:\wamp\www\vehiculos\protected\extensions\multimodelform\MultiModelForm.php (311)
2012/02/01 17:32:59 [warning] [application] Failed to set unsafe attribute "idVehiculo" of "OrdenTrabajo".
in C:\wamp\www\vehiculos\protected\controllers\OrdenTrabajoController.php (103)
in C:\wamp\www\vehiculos\index.php (13)
2012/02/01 17:32:59 [warning] [application] Failed to set unsafe attribute "idRf" of "OrdenTrabajo".
in C:\wamp\www\vehiculos\protected\controllers\OrdenTrabajoController.php (103)
in C:\wamp\www\vehiculos\index.php (13)
2012/02/01 17:32:59 [warning] [application] Failed to set unsafe attribute "id" of "DetallesOt".
in C:\wamp\www\vehiculos\protected\extensions\multimodelform\MultiModelForm.php (439)
in C:\wamp\www\vehiculos\protected\extensions\multimodelform\MultiModelForm.php (372)
in C:\wamp\www\vehiculos\protected\extensions\multimodelform\MultiModelForm.php (311)
2012/02/01 17:32:59 [warning] [application] Failed to set unsafe attribute "id" of "DetallesOt".
in C:\wamp\www\vehiculos\protected\extensions\multimodelform\MultiModelForm.php (439)
in C:\wamp\www\vehiculos\protected\extensions\multimodelform\MultiModelForm.php (372)
in C:\wamp\www\vehiculos\protected\extensions\multimodelform\MultiModelForm.php (311)
2012/02/01 17:47:38 [error] [system.db.CDbCommand] CDbCommand::fetchAll() failed: SQLSTATE[42000]: Syntax error or access violation: 1064 You have an error in your SQL syntax; check the manual that corresponds to your MySQL server version for the right syntax to use near 'INNER JOIN tipos_vehiculos on vehiculos.idTipoVehiculo = tipos_vehiculos.id INNE' at line 1. The SQL statement executed was: SELECT vehiculos.patente, tipos_vehiculos.nombre as nombretipovehiculo, personal.nombre as nombrepersonal, personal.apellido_pat, areas_empresa.nombre as nombreareaempresa, sum(detalles_ot.subtotal) as reparaciones , (vehiculos.gastoAcumulado + sum(detalles_ot.subtotal)) as acumulado, MIN(orden_trabajo.kilometraje) as inicial, MAX(orden_trabajo.kilometraje) as final, (MAX(orden_trabajo.kilometraje) - MIN(orden_trabajo.kilometraje)) as recorrido , ((vehiculos.gastoAcumulado + sum(detalles_ot.subtotal))/(MAX(orden_trabajo.kilometraje))) as pesoskm from (select * from historial_vehiculos where historial_vehiculos.fecha <= :fechainic ORDER BY historial_vehiculos.fecha DESC) as histo INNER JOIN vehiculos on vehiculos.id = histo.id_vehiculo where vehiculos.estado = "1" INNER JOIN tipos_vehiculos on vehiculos.idTipoVehiculo = tipos_vehiculos.id INNER JOIN personal on personal.id = histo.id_persona INNER JOIN cargos_empresa  on personal.id_cargo_empresa = cargos_empresa.id INNER JOIN areas_empresa on areas_empresa.id = cargos_empresa.id_area_empresa INNER JOIN orden_trabajo on orden_trabajo.id_vehiculo = vehiculos.id INNER JOIN detalles_ot on detalles_ot.id_ot = orden_trabajo.id INNER JOIN registro_factura on orden_trabajo.id_rf = registro_factura.id where registro_factura.fecha >= :fechainic and registro_factura.fecha <= :fechatermn GROUP BY histo.id_vehiculo. Bound with :fechainic='2012-01-01', :fechatermn='2012-04-18'.
in C:\wamp\www\vehiculos\protected\controllers\SiteController.php (122)
in C:\wamp\www\vehiculos\index.php (13)
2012/02/01 17:47:38 [error] [exception.CDbException] exception 'CDbException' with message 'CDbCommand failed to execute the SQL statement: SQLSTATE[42000]: Syntax error or access violation: 1064 You have an error in your SQL syntax; check the manual that corresponds to your MySQL server version for the right syntax to use near 'INNER JOIN tipos_vehiculos on vehiculos.idTipoVehiculo = tipos_vehiculos.id INNE' at line 1. The SQL statement executed was: SELECT vehiculos.patente, tipos_vehiculos.nombre as nombretipovehiculo, personal.nombre as nombrepersonal, personal.apellido_pat, areas_empresa.nombre as nombreareaempresa, sum(detalles_ot.subtotal) as reparaciones , (vehiculos.gastoAcumulado + sum(detalles_ot.subtotal)) as acumulado, MIN(orden_trabajo.kilometraje) as inicial, MAX(orden_trabajo.kilometraje) as final, (MAX(orden_trabajo.kilometraje) - MIN(orden_trabajo.kilometraje)) as recorrido , ((vehiculos.gastoAcumulado + sum(detalles_ot.subtotal))/(MAX(orden_trabajo.kilometraje))) as pesoskm from (select * from historial_vehiculos where historial_vehiculos.fecha <= :fechainic ORDER BY historial_vehiculos.fecha DESC) as histo INNER JOIN vehiculos on vehiculos.id = histo.id_vehiculo where vehiculos.estado = "1" INNER JOIN tipos_vehiculos on vehiculos.idTipoVehiculo = tipos_vehiculos.id INNER JOIN personal on personal.id = histo.id_persona INNER JOIN cargos_empresa  on personal.id_cargo_empresa = cargos_empresa.id INNER JOIN areas_empresa on areas_empresa.id = cargos_empresa.id_area_empresa INNER JOIN orden_trabajo on orden_trabajo.id_vehiculo = vehiculos.id INNER JOIN detalles_ot on detalles_ot.id_ot = orden_trabajo.id INNER JOIN registro_factura on orden_trabajo.id_rf = registro_factura.id where registro_factura.fecha >= :fechainic and registro_factura.fecha <= :fechatermn GROUP BY histo.id_vehiculo. Bound with :fechainic='2012-01-01', :fechatermn='2012-04-18'' in C:\wamp\www\framework\db\CDbCommand.php:528
Stack trace:
#0 C:\wamp\www\framework\db\CDbCommand.php(390): CDbCommand->queryInternal('fetchAll', Array, Array)
#1 C:\wamp\www\vehiculos\protected\controllers\SiteController.php(122): CDbCommand->queryAll()
#2 C:\wamp\www\framework\web\actions\CInlineAction.php(50): SiteController->actionBparcial()
#3 C:\wamp\www\framework\web\CController.php(309): CInlineAction->runWithParams(Array)
#4 C:\wamp\www\framework\web\CController.php(287): CController->runAction(Object(CInlineAction))
#5 C:\wamp\www\framework\web\CController.php(266): CController->runActionWithFilters(Object(CInlineAction), Array)
#6 C:\wamp\www\framework\web\CWebApplication.php(276): CController->run('bparcial')
#7 C:\wamp\www\framework\web\CWebApplication.php(135): CWebApplication->runController('site/bparcial')
#8 C:\wamp\www\framework\base\CApplication.php(162): CWebApplication->processRequest()
#9 C:\wamp\www\vehiculos\index.php(13): CApplication->run()
#10 {main}
REQUEST_URI=/vehiculos/index.php/site/bparcial
HTTP_REFERER=http://localhost/vehiculos/index.php/site/parcial
---
2012/02/01 17:48:55 [error] [system.db.CDbCommand] CDbCommand::fetchAll() failed: SQLSTATE[42000]: Syntax error or access violation: 1064 You have an error in your SQL syntax; check the manual that corresponds to your MySQL server version for the right syntax to use near 'INNER JOIN tipos_vehiculos on vehiculos.idTipoVehiculo = tipos_vehiculos.id INNE' at line 1. The SQL statement executed was: SELECT vehiculos.patente, tipos_vehiculos.nombre as nombretipovehiculo, personal.nombre as nombrepersonal, personal.apellido_pat, areas_empresa.nombre as nombreareaempresa, sum(detalles_ot.subtotal) as reparaciones , (vehiculos.gastoAcumulado + sum(detalles_ot.subtotal)) as acumulado, MIN(orden_trabajo.kilometraje) as inicial, MAX(orden_trabajo.kilometraje) as final, (MAX(orden_trabajo.kilometraje) - MIN(orden_trabajo.kilometraje)) as recorrido , ((vehiculos.gastoAcumulado + sum(detalles_ot.subtotal))/(MAX(orden_trabajo.kilometraje))) as pesoskm from (select * from historial_vehiculos where historial_vehiculos.fecha <= :fechainic ORDER BY historial_vehiculos.fecha DESC) as histo INNER JOIN vehiculos on vehiculos.id = histo.id_vehiculo where vehiculos.estado = 1 INNER JOIN tipos_vehiculos on vehiculos.idTipoVehiculo = tipos_vehiculos.id INNER JOIN personal on personal.id = histo.id_persona INNER JOIN cargos_empresa  on personal.id_cargo_empresa = cargos_empresa.id INNER JOIN areas_empresa on areas_empresa.id = cargos_empresa.id_area_empresa INNER JOIN orden_trabajo on orden_trabajo.id_vehiculo = vehiculos.id INNER JOIN detalles_ot on detalles_ot.id_ot = orden_trabajo.id INNER JOIN registro_factura on orden_trabajo.id_rf = registro_factura.id where registro_factura.fecha >= :fechainic and registro_factura.fecha <= :fechatermn GROUP BY histo.id_vehiculo. Bound with :fechainic='2012-01-01', :fechatermn='2012-04-18'.
in C:\wamp\www\vehiculos\protected\controllers\SiteController.php (122)
in C:\wamp\www\vehiculos\index.php (13)
2012/02/01 17:48:55 [error] [exception.CDbException] exception 'CDbException' with message 'CDbCommand failed to execute the SQL statement: SQLSTATE[42000]: Syntax error or access violation: 1064 You have an error in your SQL syntax; check the manual that corresponds to your MySQL server version for the right syntax to use near 'INNER JOIN tipos_vehiculos on vehiculos.idTipoVehiculo = tipos_vehiculos.id INNE' at line 1. The SQL statement executed was: SELECT vehiculos.patente, tipos_vehiculos.nombre as nombretipovehiculo, personal.nombre as nombrepersonal, personal.apellido_pat, areas_empresa.nombre as nombreareaempresa, sum(detalles_ot.subtotal) as reparaciones , (vehiculos.gastoAcumulado + sum(detalles_ot.subtotal)) as acumulado, MIN(orden_trabajo.kilometraje) as inicial, MAX(orden_trabajo.kilometraje) as final, (MAX(orden_trabajo.kilometraje) - MIN(orden_trabajo.kilometraje)) as recorrido , ((vehiculos.gastoAcumulado + sum(detalles_ot.subtotal))/(MAX(orden_trabajo.kilometraje))) as pesoskm from (select * from historial_vehiculos where historial_vehiculos.fecha <= :fechainic ORDER BY historial_vehiculos.fecha DESC) as histo INNER JOIN vehiculos on vehiculos.id = histo.id_vehiculo where vehiculos.estado = 1 INNER JOIN tipos_vehiculos on vehiculos.idTipoVehiculo = tipos_vehiculos.id INNER JOIN personal on personal.id = histo.id_persona INNER JOIN cargos_empresa  on personal.id_cargo_empresa = cargos_empresa.id INNER JOIN areas_empresa on areas_empresa.id = cargos_empresa.id_area_empresa INNER JOIN orden_trabajo on orden_trabajo.id_vehiculo = vehiculos.id INNER JOIN detalles_ot on detalles_ot.id_ot = orden_trabajo.id INNER JOIN registro_factura on orden_trabajo.id_rf = registro_factura.id where registro_factura.fecha >= :fechainic and registro_factura.fecha <= :fechatermn GROUP BY histo.id_vehiculo. Bound with :fechainic='2012-01-01', :fechatermn='2012-04-18'' in C:\wamp\www\framework\db\CDbCommand.php:528
Stack trace:
#0 C:\wamp\www\framework\db\CDbCommand.php(390): CDbCommand->queryInternal('fetchAll', Array, Array)
#1 C:\wamp\www\vehiculos\protected\controllers\SiteController.php(122): CDbCommand->queryAll()
#2 C:\wamp\www\framework\web\actions\CInlineAction.php(50): SiteController->actionBparcial()
#3 C:\wamp\www\framework\web\CController.php(309): CInlineAction->runWithParams(Array)
#4 C:\wamp\www\framework\web\CController.php(287): CController->runAction(Object(CInlineAction))
#5 C:\wamp\www\framework\web\CController.php(266): CController->runActionWithFilters(Object(CInlineAction), Array)
#6 C:\wamp\www\framework\web\CWebApplication.php(276): CController->run('bparcial')
#7 C:\wamp\www\framework\web\CWebApplication.php(135): CWebApplication->runController('site/bparcial')
#8 C:\wamp\www\framework\base\CApplication.php(162): CWebApplication->processRequest()
#9 C:\wamp\www\vehiculos\index.php(13): CApplication->run()
#10 {main}
REQUEST_URI=/vehiculos/index.php/site/bparcial
HTTP_REFERER=http://localhost/vehiculos/index.php/site/parcial
---
2012/02/01 17:49:29 [error] [system.db.CDbCommand] CDbCommand::fetchAll() failed: SQLSTATE[42000]: Syntax error or access violation: 1064 You have an error in your SQL syntax; check the manual that corresponds to your MySQL server version for the right syntax to use near 'INNER JOIN tipos_vehiculos on vehiculos.idTipoVehiculo = tipos_vehiculos.id INNE' at line 1. The SQL statement executed was: SELECT vehiculos.patente, tipos_vehiculos.nombre as nombretipovehiculo, personal.nombre as nombrepersonal, personal.apellido_pat, areas_empresa.nombre as nombreareaempresa, sum(detalles_ot.subtotal) as reparaciones , (vehiculos.gastoAcumulado + sum(detalles_ot.subtotal)) as acumulado, MIN(orden_trabajo.kilometraje) as inicial, MAX(orden_trabajo.kilometraje) as final, (MAX(orden_trabajo.kilometraje) - MIN(orden_trabajo.kilometraje)) as recorrido , ((vehiculos.gastoAcumulado + sum(detalles_ot.subtotal))/(MAX(orden_trabajo.kilometraje))) as pesoskm from (select * from historial_vehiculos where historial_vehiculos.fecha <= :fechainic ORDER BY historial_vehiculos.fecha DESC) as histo INNER JOIN vehiculos on vehiculos.id = histo.id_vehiculo where vehiculos.estado = '1' INNER JOIN tipos_vehiculos on vehiculos.idTipoVehiculo = tipos_vehiculos.id INNER JOIN personal on personal.id = histo.id_persona INNER JOIN cargos_empresa  on personal.id_cargo_empresa = cargos_empresa.id INNER JOIN areas_empresa on areas_empresa.id = cargos_empresa.id_area_empresa INNER JOIN orden_trabajo on orden_trabajo.id_vehiculo = vehiculos.id INNER JOIN detalles_ot on detalles_ot.id_ot = orden_trabajo.id INNER JOIN registro_factura on orden_trabajo.id_rf = registro_factura.id where registro_factura.fecha >= :fechainic and registro_factura.fecha <= :fechatermn GROUP BY histo.id_vehiculo. Bound with :fechainic='2012-01-01', :fechatermn='2012-04-18'.
in C:\wamp\www\vehiculos\protected\controllers\SiteController.php (122)
in C:\wamp\www\vehiculos\index.php (13)
2012/02/01 17:49:29 [error] [exception.CDbException] exception 'CDbException' with message 'CDbCommand failed to execute the SQL statement: SQLSTATE[42000]: Syntax error or access violation: 1064 You have an error in your SQL syntax; check the manual that corresponds to your MySQL server version for the right syntax to use near 'INNER JOIN tipos_vehiculos on vehiculos.idTipoVehiculo = tipos_vehiculos.id INNE' at line 1. The SQL statement executed was: SELECT vehiculos.patente, tipos_vehiculos.nombre as nombretipovehiculo, personal.nombre as nombrepersonal, personal.apellido_pat, areas_empresa.nombre as nombreareaempresa, sum(detalles_ot.subtotal) as reparaciones , (vehiculos.gastoAcumulado + sum(detalles_ot.subtotal)) as acumulado, MIN(orden_trabajo.kilometraje) as inicial, MAX(orden_trabajo.kilometraje) as final, (MAX(orden_trabajo.kilometraje) - MIN(orden_trabajo.kilometraje)) as recorrido , ((vehiculos.gastoAcumulado + sum(detalles_ot.subtotal))/(MAX(orden_trabajo.kilometraje))) as pesoskm from (select * from historial_vehiculos where historial_vehiculos.fecha <= :fechainic ORDER BY historial_vehiculos.fecha DESC) as histo INNER JOIN vehiculos on vehiculos.id = histo.id_vehiculo where vehiculos.estado = '1' INNER JOIN tipos_vehiculos on vehiculos.idTipoVehiculo = tipos_vehiculos.id INNER JOIN personal on personal.id = histo.id_persona INNER JOIN cargos_empresa  on personal.id_cargo_empresa = cargos_empresa.id INNER JOIN areas_empresa on areas_empresa.id = cargos_empresa.id_area_empresa INNER JOIN orden_trabajo on orden_trabajo.id_vehiculo = vehiculos.id INNER JOIN detalles_ot on detalles_ot.id_ot = orden_trabajo.id INNER JOIN registro_factura on orden_trabajo.id_rf = registro_factura.id where registro_factura.fecha >= :fechainic and registro_factura.fecha <= :fechatermn GROUP BY histo.id_vehiculo. Bound with :fechainic='2012-01-01', :fechatermn='2012-04-18'' in C:\wamp\www\framework\db\CDbCommand.php:528
Stack trace:
#0 C:\wamp\www\framework\db\CDbCommand.php(390): CDbCommand->queryInternal('fetchAll', Array, Array)
#1 C:\wamp\www\vehiculos\protected\controllers\SiteController.php(122): CDbCommand->queryAll()
#2 C:\wamp\www\framework\web\actions\CInlineAction.php(50): SiteController->actionBparcial()
#3 C:\wamp\www\framework\web\CController.php(309): CInlineAction->runWithParams(Array)
#4 C:\wamp\www\framework\web\CController.php(287): CController->runAction(Object(CInlineAction))
#5 C:\wamp\www\framework\web\CController.php(266): CController->runActionWithFilters(Object(CInlineAction), Array)
#6 C:\wamp\www\framework\web\CWebApplication.php(276): CController->run('bparcial')
#7 C:\wamp\www\framework\web\CWebApplication.php(135): CWebApplication->runController('site/bparcial')
#8 C:\wamp\www\framework\base\CApplication.php(162): CWebApplication->processRequest()
#9 C:\wamp\www\vehiculos\index.php(13): CApplication->run()
#10 {main}
REQUEST_URI=/vehiculos/index.php/site/bparcial
HTTP_REFERER=http://localhost/vehiculos/index.php/site/parcial
---
2012/02/01 17:52:56 [error] [system.db.CDbCommand] CDbCommand::fetchAll() failed: SQLSTATE[42000]: Syntax error or access violation: 1064 You have an error in your SQL syntax; check the manual that corresponds to your MySQL server version for the right syntax to use near 'where vehiculos.estado = 1 GROUP BY histo.id_vehiculo' at line 1. The SQL statement executed was: SELECT vehiculos.patente, tipos_vehiculos.nombre as nombretipovehiculo, personal.nombre as nombrepersonal, personal.apellido_pat, areas_empresa.nombre as nombreareaempresa, sum(detalles_ot.subtotal) as reparaciones , (vehiculos.gastoAcumulado + sum(detalles_ot.subtotal)) as acumulado, MIN(orden_trabajo.kilometraje) as inicial, MAX(orden_trabajo.kilometraje) as final, (MAX(orden_trabajo.kilometraje) - MIN(orden_trabajo.kilometraje)) as recorrido , ((vehiculos.gastoAcumulado + sum(detalles_ot.subtotal))/(MAX(orden_trabajo.kilometraje))) as pesoskm from (select * from historial_vehiculos where historial_vehiculos.fecha <= :fechainic ORDER BY historial_vehiculos.fecha DESC) as histo INNER JOIN vehiculos on vehiculos.id = histo.id_vehiculo INNER JOIN tipos_vehiculos on vehiculos.idTipoVehiculo = tipos_vehiculos.id INNER JOIN personal on personal.id = histo.id_persona INNER JOIN cargos_empresa  on personal.id_cargo_empresa = cargos_empresa.id INNER JOIN areas_empresa on areas_empresa.id = cargos_empresa.id_area_empresa INNER JOIN orden_trabajo on orden_trabajo.id_vehiculo = vehiculos.id INNER JOIN detalles_ot on detalles_ot.id_ot = orden_trabajo.id INNER JOIN registro_factura on orden_trabajo.id_rf = registro_factura.id where registro_factura.fecha >= :fechainic and registro_factura.fecha <= :fechatermn  where vehiculos.estado = :estado GROUP BY histo.id_vehiculo. Bound with :estado=1, :fechainic='2012-01-01', :fechatermn='2012-04-18'.
in C:\wamp\www\vehiculos\protected\controllers\SiteController.php (126)
in C:\wamp\www\vehiculos\index.php (13)
2012/02/01 17:52:56 [error] [exception.CDbException] exception 'CDbException' with message 'CDbCommand failed to execute the SQL statement: SQLSTATE[42000]: Syntax error or access violation: 1064 You have an error in your SQL syntax; check the manual that corresponds to your MySQL server version for the right syntax to use near 'where vehiculos.estado = 1 GROUP BY histo.id_vehiculo' at line 1. The SQL statement executed was: SELECT vehiculos.patente, tipos_vehiculos.nombre as nombretipovehiculo, personal.nombre as nombrepersonal, personal.apellido_pat, areas_empresa.nombre as nombreareaempresa, sum(detalles_ot.subtotal) as reparaciones , (vehiculos.gastoAcumulado + sum(detalles_ot.subtotal)) as acumulado, MIN(orden_trabajo.kilometraje) as inicial, MAX(orden_trabajo.kilometraje) as final, (MAX(orden_trabajo.kilometraje) - MIN(orden_trabajo.kilometraje)) as recorrido , ((vehiculos.gastoAcumulado + sum(detalles_ot.subtotal))/(MAX(orden_trabajo.kilometraje))) as pesoskm from (select * from historial_vehiculos where historial_vehiculos.fecha <= :fechainic ORDER BY historial_vehiculos.fecha DESC) as histo INNER JOIN vehiculos on vehiculos.id = histo.id_vehiculo INNER JOIN tipos_vehiculos on vehiculos.idTipoVehiculo = tipos_vehiculos.id INNER JOIN personal on personal.id = histo.id_persona INNER JOIN cargos_empresa  on personal.id_cargo_empresa = cargos_empresa.id INNER JOIN areas_empresa on areas_empresa.id = cargos_empresa.id_area_empresa INNER JOIN orden_trabajo on orden_trabajo.id_vehiculo = vehiculos.id INNER JOIN detalles_ot on detalles_ot.id_ot = orden_trabajo.id INNER JOIN registro_factura on orden_trabajo.id_rf = registro_factura.id where registro_factura.fecha >= :fechainic and registro_factura.fecha <= :fechatermn  where vehiculos.estado = :estado GROUP BY histo.id_vehiculo. Bound with :estado=1, :fechainic='2012-01-01', :fechatermn='2012-04-18'' in C:\wamp\www\framework\db\CDbCommand.php:528
Stack trace:
#0 C:\wamp\www\framework\db\CDbCommand.php(390): CDbCommand->queryInternal('fetchAll', Array, Array)
#1 C:\wamp\www\vehiculos\protected\controllers\SiteController.php(126): CDbCommand->queryAll()
#2 C:\wamp\www\framework\web\actions\CInlineAction.php(50): SiteController->actionBparcial()
#3 C:\wamp\www\framework\web\CController.php(309): CInlineAction->runWithParams(Array)
#4 C:\wamp\www\framework\web\CController.php(287): CController->runAction(Object(CInlineAction))
#5 C:\wamp\www\framework\web\CController.php(266): CController->runActionWithFilters(Object(CInlineAction), Array)
#6 C:\wamp\www\framework\web\CWebApplication.php(276): CController->run('bparcial')
#7 C:\wamp\www\framework\web\CWebApplication.php(135): CWebApplication->runController('site/bparcial')
#8 C:\wamp\www\framework\base\CApplication.php(162): CWebApplication->processRequest()
#9 C:\wamp\www\vehiculos\index.php(13): CApplication->run()
#10 {main}
REQUEST_URI=/vehiculos/index.php/site/bparcial
HTTP_REFERER=http://localhost/vehiculos/index.php/site/parcial
---
2012/02/01 17:53:38 [error] [system.db.CDbCommand] CDbCommand::fetchAll() failed: SQLSTATE[42000]: Syntax error or access violation: 1064 You have an error in your SQL syntax; check the manual that corresponds to your MySQL server version for the right syntax to use near 'INNER JOIN tipos_vehiculos on vehiculos.idTipoVehiculo = tipos_vehiculos.id INNE' at line 1. The SQL statement executed was: SELECT vehiculos.patente, tipos_vehiculos.nombre as nombretipovehiculo, personal.nombre as nombrepersonal, personal.apellido_pat, areas_empresa.nombre as nombreareaempresa, sum(detalles_ot.subtotal) as reparaciones , (vehiculos.gastoAcumulado + sum(detalles_ot.subtotal)) as acumulado, MIN(orden_trabajo.kilometraje) as inicial, MAX(orden_trabajo.kilometraje) as final, (MAX(orden_trabajo.kilometraje) - MIN(orden_trabajo.kilometraje)) as recorrido , ((vehiculos.gastoAcumulado + sum(detalles_ot.subtotal))/(MAX(orden_trabajo.kilometraje))) as pesoskm from (select * from historial_vehiculos where historial_vehiculos.fecha <= :fechainic ORDER BY historial_vehiculos.fecha DESC) as histo INNER JOIN vehiculos on vehiculos.id = histo.id_vehiculo where vehiculos.estado = :estado INNER JOIN tipos_vehiculos on vehiculos.idTipoVehiculo = tipos_vehiculos.id INNER JOIN personal on personal.id = histo.id_persona INNER JOIN cargos_empresa  on personal.id_cargo_empresa = cargos_empresa.id INNER JOIN areas_empresa on areas_empresa.id = cargos_empresa.id_area_empresa INNER JOIN orden_trabajo on orden_trabajo.id_vehiculo = vehiculos.id INNER JOIN detalles_ot on detalles_ot.id_ot = orden_trabajo.id INNER JOIN registro_factura on orden_trabajo.id_rf = registro_factura.id where registro_factura.fecha >= :fechainic and registro_factura.fecha <= :fechatermn GROUP BY histo.id_vehiculo. Bound with :estado=1, :fechainic='2012-01-01', :fechatermn='2012-04-18'.
in C:\wamp\www\vehiculos\protected\controllers\SiteController.php (126)
in C:\wamp\www\vehiculos\index.php (13)
2012/02/01 17:53:38 [error] [exception.CDbException] exception 'CDbException' with message 'CDbCommand failed to execute the SQL statement: SQLSTATE[42000]: Syntax error or access violation: 1064 You have an error in your SQL syntax; check the manual that corresponds to your MySQL server version for the right syntax to use near 'INNER JOIN tipos_vehiculos on vehiculos.idTipoVehiculo = tipos_vehiculos.id INNE' at line 1. The SQL statement executed was: SELECT vehiculos.patente, tipos_vehiculos.nombre as nombretipovehiculo, personal.nombre as nombrepersonal, personal.apellido_pat, areas_empresa.nombre as nombreareaempresa, sum(detalles_ot.subtotal) as reparaciones , (vehiculos.gastoAcumulado + sum(detalles_ot.subtotal)) as acumulado, MIN(orden_trabajo.kilometraje) as inicial, MAX(orden_trabajo.kilometraje) as final, (MAX(orden_trabajo.kilometraje) - MIN(orden_trabajo.kilometraje)) as recorrido , ((vehiculos.gastoAcumulado + sum(detalles_ot.subtotal))/(MAX(orden_trabajo.kilometraje))) as pesoskm from (select * from historial_vehiculos where historial_vehiculos.fecha <= :fechainic ORDER BY historial_vehiculos.fecha DESC) as histo INNER JOIN vehiculos on vehiculos.id = histo.id_vehiculo where vehiculos.estado = :estado INNER JOIN tipos_vehiculos on vehiculos.idTipoVehiculo = tipos_vehiculos.id INNER JOIN personal on personal.id = histo.id_persona INNER JOIN cargos_empresa  on personal.id_cargo_empresa = cargos_empresa.id INNER JOIN areas_empresa on areas_empresa.id = cargos_empresa.id_area_empresa INNER JOIN orden_trabajo on orden_trabajo.id_vehiculo = vehiculos.id INNER JOIN detalles_ot on detalles_ot.id_ot = orden_trabajo.id INNER JOIN registro_factura on orden_trabajo.id_rf = registro_factura.id where registro_factura.fecha >= :fechainic and registro_factura.fecha <= :fechatermn GROUP BY histo.id_vehiculo. Bound with :estado=1, :fechainic='2012-01-01', :fechatermn='2012-04-18'' in C:\wamp\www\framework\db\CDbCommand.php:528
Stack trace:
#0 C:\wamp\www\framework\db\CDbCommand.php(390): CDbCommand->queryInternal('fetchAll', Array, Array)
#1 C:\wamp\www\vehiculos\protected\controllers\SiteController.php(126): CDbCommand->queryAll()
#2 C:\wamp\www\framework\web\actions\CInlineAction.php(50): SiteController->actionBparcial()
#3 C:\wamp\www\framework\web\CController.php(309): CInlineAction->runWithParams(Array)
#4 C:\wamp\www\framework\web\CController.php(287): CController->runAction(Object(CInlineAction))
#5 C:\wamp\www\framework\web\CController.php(266): CController->runActionWithFilters(Object(CInlineAction), Array)
#6 C:\wamp\www\framework\web\CWebApplication.php(276): CController->run('bparcial')
#7 C:\wamp\www\framework\web\CWebApplication.php(135): CWebApplication->runController('site/bparcial')
#8 C:\wamp\www\framework\base\CApplication.php(162): CWebApplication->processRequest()
#9 C:\wamp\www\vehiculos\index.php(13): CApplication->run()
#10 {main}
REQUEST_URI=/vehiculos/index.php/site/bparcial
HTTP_REFERER=http://localhost/vehiculos/index.php/site/parcial
---
2012/02/01 17:54:12 [error] [system.db.CDbCommand] CDbCommand::fetchAll() failed: SQLSTATE[42000]: Syntax error or access violation: 1064 You have an error in your SQL syntax; check the manual that corresponds to your MySQL server version for the right syntax to use near 'on vehiculos.id = histo.id_vehiculo where vehiculos.estado = 1) INNER JOIN tipos' at line 1. The SQL statement executed was: SELECT vehiculos.patente, tipos_vehiculos.nombre as nombretipovehiculo, personal.nombre as nombrepersonal, personal.apellido_pat, areas_empresa.nombre as nombreareaempresa, sum(detalles_ot.subtotal) as reparaciones , (vehiculos.gastoAcumulado + sum(detalles_ot.subtotal)) as acumulado, MIN(orden_trabajo.kilometraje) as inicial, MAX(orden_trabajo.kilometraje) as final, (MAX(orden_trabajo.kilometraje) - MIN(orden_trabajo.kilometraje)) as recorrido , ((vehiculos.gastoAcumulado + sum(detalles_ot.subtotal))/(MAX(orden_trabajo.kilometraje))) as pesoskm from (select * from historial_vehiculos where historial_vehiculos.fecha <= :fechainic ORDER BY historial_vehiculos.fecha DESC) as histo INNER JOIN (vehiculos on vehiculos.id = histo.id_vehiculo where vehiculos.estado = :estado) INNER JOIN tipos_vehiculos on vehiculos.idTipoVehiculo = tipos_vehiculos.id INNER JOIN personal on personal.id = histo.id_persona INNER JOIN cargos_empresa  on personal.id_cargo_empresa = cargos_empresa.id INNER JOIN areas_empresa on areas_empresa.id = cargos_empresa.id_area_empresa INNER JOIN orden_trabajo on orden_trabajo.id_vehiculo = vehiculos.id INNER JOIN detalles_ot on detalles_ot.id_ot = orden_trabajo.id INNER JOIN registro_factura on orden_trabajo.id_rf = registro_factura.id where registro_factura.fecha >= :fechainic and registro_factura.fecha <= :fechatermn GROUP BY histo.id_vehiculo. Bound with :estado=1, :fechainic='2012-01-01', :fechatermn='2012-04-18'.
in C:\wamp\www\vehiculos\protected\controllers\SiteController.php (126)
in C:\wamp\www\vehiculos\index.php (13)
2012/02/01 17:54:12 [error] [exception.CDbException] exception 'CDbException' with message 'CDbCommand failed to execute the SQL statement: SQLSTATE[42000]: Syntax error or access violation: 1064 You have an error in your SQL syntax; check the manual that corresponds to your MySQL server version for the right syntax to use near 'on vehiculos.id = histo.id_vehiculo where vehiculos.estado = 1) INNER JOIN tipos' at line 1. The SQL statement executed was: SELECT vehiculos.patente, tipos_vehiculos.nombre as nombretipovehiculo, personal.nombre as nombrepersonal, personal.apellido_pat, areas_empresa.nombre as nombreareaempresa, sum(detalles_ot.subtotal) as reparaciones , (vehiculos.gastoAcumulado + sum(detalles_ot.subtotal)) as acumulado, MIN(orden_trabajo.kilometraje) as inicial, MAX(orden_trabajo.kilometraje) as final, (MAX(orden_trabajo.kilometraje) - MIN(orden_trabajo.kilometraje)) as recorrido , ((vehiculos.gastoAcumulado + sum(detalles_ot.subtotal))/(MAX(orden_trabajo.kilometraje))) as pesoskm from (select * from historial_vehiculos where historial_vehiculos.fecha <= :fechainic ORDER BY historial_vehiculos.fecha DESC) as histo INNER JOIN (vehiculos on vehiculos.id = histo.id_vehiculo where vehiculos.estado = :estado) INNER JOIN tipos_vehiculos on vehiculos.idTipoVehiculo = tipos_vehiculos.id INNER JOIN personal on personal.id = histo.id_persona INNER JOIN cargos_empresa  on personal.id_cargo_empresa = cargos_empresa.id INNER JOIN areas_empresa on areas_empresa.id = cargos_empresa.id_area_empresa INNER JOIN orden_trabajo on orden_trabajo.id_vehiculo = vehiculos.id INNER JOIN detalles_ot on detalles_ot.id_ot = orden_trabajo.id INNER JOIN registro_factura on orden_trabajo.id_rf = registro_factura.id where registro_factura.fecha >= :fechainic and registro_factura.fecha <= :fechatermn GROUP BY histo.id_vehiculo. Bound with :estado=1, :fechainic='2012-01-01', :fechatermn='2012-04-18'' in C:\wamp\www\framework\db\CDbCommand.php:528
Stack trace:
#0 C:\wamp\www\framework\db\CDbCommand.php(390): CDbCommand->queryInternal('fetchAll', Array, Array)
#1 C:\wamp\www\vehiculos\protected\controllers\SiteController.php(126): CDbCommand->queryAll()
#2 C:\wamp\www\framework\web\actions\CInlineAction.php(50): SiteController->actionBparcial()
#3 C:\wamp\www\framework\web\CController.php(309): CInlineAction->runWithParams(Array)
#4 C:\wamp\www\framework\web\CController.php(287): CController->runAction(Object(CInlineAction))
#5 C:\wamp\www\framework\web\CController.php(266): CController->runActionWithFilters(Object(CInlineAction), Array)
#6 C:\wamp\www\framework\web\CWebApplication.php(276): CController->run('bparcial')
#7 C:\wamp\www\framework\web\CWebApplication.php(135): CWebApplication->runController('site/bparcial')
#8 C:\wamp\www\framework\base\CApplication.php(162): CWebApplication->processRequest()
#9 C:\wamp\www\vehiculos\index.php(13): CApplication->run()
#10 {main}
REQUEST_URI=/vehiculos/index.php/site/bparcial
HTTP_REFERER=http://localhost/vehiculos/index.php/site/parcial
---
2012/02/01 17:57:36 [warning] [application] Failed to set unsafe attribute "idCombustible0" of "Vehiculos".
in C:\wamp\www\vehiculos\protected\controllers\VehiculosController.php (69)
in C:\wamp\www\vehiculos\index.php (13)
2012/02/01 17:57:36 [warning] [application] Failed to set unsafe attribute "idTipoVehiculo0" of "Vehiculos".
in C:\wamp\www\vehiculos\protected\controllers\VehiculosController.php (69)
in C:\wamp\www\vehiculos\index.php (13)
2012/02/01 17:57:36 [warning] [application] Failed to set unsafe attribute "idProveedor0" of "Vehiculos".
in C:\wamp\www\vehiculos\protected\controllers\VehiculosController.php (69)
in C:\wamp\www\vehiculos\index.php (13)
2012/02/01 17:57:36 [warning] [application] Failed to set unsafe attribute "idMarca0" of "Vehiculos".
in C:\wamp\www\vehiculos\protected\controllers\VehiculosController.php (69)
in C:\wamp\www\vehiculos\index.php (13)
2012/02/01 17:57:36 [warning] [application] Failed to set unsafe attribute "idModelo0" of "Vehiculos".
in C:\wamp\www\vehiculos\protected\controllers\VehiculosController.php (69)
in C:\wamp\www\vehiculos\index.php (13)
2012/02/01 17:57:36 [warning] [application] Failed to set unsafe attribute "idColor0" of "Vehiculos".
in C:\wamp\www\vehiculos\protected\controllers\VehiculosController.php (69)
in C:\wamp\www\vehiculos\index.php (13)
2012/02/01 17:57:49 [warning] [application] Failed to set unsafe attribute "idCombustible0" of "Vehiculos".
in C:\wamp\www\vehiculos\protected\controllers\VehiculosController.php (69)
in C:\wamp\www\vehiculos\index.php (13)
2012/02/01 17:57:49 [warning] [application] Failed to set unsafe attribute "idTipoVehiculo0" of "Vehiculos".
in C:\wamp\www\vehiculos\protected\controllers\VehiculosController.php (69)
in C:\wamp\www\vehiculos\index.php (13)
2012/02/01 17:57:49 [warning] [application] Failed to set unsafe attribute "idProveedor0" of "Vehiculos".
in C:\wamp\www\vehiculos\protected\controllers\VehiculosController.php (69)
in C:\wamp\www\vehiculos\index.php (13)
2012/02/01 17:57:49 [warning] [application] Failed to set unsafe attribute "idMarca0" of "Vehiculos".
in C:\wamp\www\vehiculos\protected\controllers\VehiculosController.php (69)
in C:\wamp\www\vehiculos\index.php (13)
2012/02/01 17:57:49 [warning] [application] Failed to set unsafe attribute "idModelo0" of "Vehiculos".
in C:\wamp\www\vehiculos\protected\controllers\VehiculosController.php (69)
in C:\wamp\www\vehiculos\index.php (13)
2012/02/01 17:57:49 [warning] [application] Failed to set unsafe attribute "idColor0" of "Vehiculos".
in C:\wamp\www\vehiculos\protected\controllers\VehiculosController.php (69)
in C:\wamp\www\vehiculos\index.php (13)
2012/02/01 17:57:58 [warning] [application] Failed to set unsafe attribute "idCombustible0" of "Vehiculos".
in C:\wamp\www\vehiculos\protected\controllers\VehiculosController.php (69)
in C:\wamp\www\vehiculos\index.php (13)
2012/02/01 17:57:58 [warning] [application] Failed to set unsafe attribute "idTipoVehiculo0" of "Vehiculos".
in C:\wamp\www\vehiculos\protected\controllers\VehiculosController.php (69)
in C:\wamp\www\vehiculos\index.php (13)
2012/02/01 17:57:58 [warning] [application] Failed to set unsafe attribute "idProveedor0" of "Vehiculos".
in C:\wamp\www\vehiculos\protected\controllers\VehiculosController.php (69)
in C:\wamp\www\vehiculos\index.php (13)
2012/02/01 17:57:58 [warning] [application] Failed to set unsafe attribute "idMarca0" of "Vehiculos".
in C:\wamp\www\vehiculos\protected\controllers\VehiculosController.php (69)
in C:\wamp\www\vehiculos\index.php (13)
2012/02/01 17:57:58 [warning] [application] Failed to set unsafe attribute "idModelo0" of "Vehiculos".
in C:\wamp\www\vehiculos\protected\controllers\VehiculosController.php (69)
in C:\wamp\www\vehiculos\index.php (13)
2012/02/01 17:57:58 [warning] [application] Failed to set unsafe attribute "idColor0" of "Vehiculos".
in C:\wamp\www\vehiculos\protected\controllers\VehiculosController.php (69)
in C:\wamp\www\vehiculos\index.php (13)
2012/02/01 18:14:42 [error] [exception.CHttpException.403] exception 'CHttpException' with message 'You are not authorized to perform this action.' in C:\wamp\www\framework\web\auth\CAccessControlFilter.php:157
Stack trace:
#0 C:\wamp\www\framework\web\auth\CAccessControlFilter.php(120): CAccessControlFilter->accessDenied(Object(CWebUser), 'You are not aut...')
#1 C:\wamp\www\framework\web\filters\CFilter.php(39): CAccessControlFilter->preFilter(Object(CFilterChain))
#2 C:\wamp\www\framework\web\CController.php(1146): CFilter->filter(Object(CFilterChain))
#3 C:\wamp\www\framework\web\filters\CInlineFilter.php(59): CController->filterAccessControl(Object(CFilterChain))
#4 C:\wamp\www\framework\web\filters\CFilterChain.php(131): CInlineFilter->filter(Object(CFilterChain))
#5 C:\wamp\www\framework\web\CController.php(292): CFilterChain->run()
#6 C:\wamp\www\framework\web\CController.php(266): CController->runActionWithFilters(Object(CInlineAction), Array)
#7 C:\wamp\www\framework\web\CWebApplication.php(276): CController->run('ACCombustibles')
#8 C:\wamp\www\framework\web\CWebApplication.php(135): CWebApplication->runController('vehiculos/ACCom...')
#9 C:\wamp\www\framework\base\CApplication.php(162): CWebApplication->processRequest()
#10 C:\wamp\www\vehiculos\index.php(13): CApplication->run()
#11 {main}
REQUEST_URI=/vehiculos/index.php/vehiculos/ACCombustibles?term=di
HTTP_REFERER=http://localhost/vehiculos/index.php/vehiculos/update/1
---
2012/02/01 18:14:44 [error] [exception.CHttpException.403] exception 'CHttpException' with message 'You are not authorized to perform this action.' in C:\wamp\www\framework\web\auth\CAccessControlFilter.php:157
Stack trace:
#0 C:\wamp\www\framework\web\auth\CAccessControlFilter.php(120): CAccessControlFilter->accessDenied(Object(CWebUser), 'You are not aut...')
#1 C:\wamp\www\framework\web\filters\CFilter.php(39): CAccessControlFilter->preFilter(Object(CFilterChain))
#2 C:\wamp\www\framework\web\CController.php(1146): CFilter->filter(Object(CFilterChain))
#3 C:\wamp\www\framework\web\filters\CInlineFilter.php(59): CController->filterAccessControl(Object(CFilterChain))
#4 C:\wamp\www\framework\web\filters\CFilterChain.php(131): CInlineFilter->filter(Object(CFilterChain))
#5 C:\wamp\www\framework\web\CController.php(292): CFilterChain->run()
#6 C:\wamp\www\framework\web\CController.php(266): CController->runActionWithFilters(Object(CInlineAction), Array)
#7 C:\wamp\www\framework\web\CWebApplication.php(276): CController->run('ACCombustibles')
#8 C:\wamp\www\framework\web\CWebApplication.php(135): CWebApplication->runController('vehiculos/ACCom...')
#9 C:\wamp\www\framework\base\CApplication.php(162): CWebApplication->processRequest()
#10 C:\wamp\www\vehiculos\index.php(13): CApplication->run()
#11 {main}
REQUEST_URI=/vehiculos/index.php/vehiculos/ACCombustibles?term=die
HTTP_REFERER=http://localhost/vehiculos/index.php/vehiculos/update/1
---
2012/02/01 18:14:46 [error] [exception.CHttpException.403] exception 'CHttpException' with message 'You are not authorized to perform this action.' in C:\wamp\www\framework\web\auth\CAccessControlFilter.php:157
Stack trace:
#0 C:\wamp\www\framework\web\auth\CAccessControlFilter.php(120): CAccessControlFilter->accessDenied(Object(CWebUser), 'You are not aut...')
#1 C:\wamp\www\framework\web\filters\CFilter.php(39): CAccessControlFilter->preFilter(Object(CFilterChain))
#2 C:\wamp\www\framework\web\CController.php(1146): CFilter->filter(Object(CFilterChain))
#3 C:\wamp\www\framework\web\filters\CInlineFilter.php(59): CController->filterAccessControl(Object(CFilterChain))
#4 C:\wamp\www\framework\web\filters\CFilterChain.php(131): CInlineFilter->filter(Object(CFilterChain))
#5 C:\wamp\www\framework\web\CController.php(292): CFilterChain->run()
#6 C:\wamp\www\framework\web\CController.php(266): CController->runActionWithFilters(Object(CInlineAction), Array)
#7 C:\wamp\www\framework\web\CWebApplication.php(276): CController->run('ACCombustibles')
#8 C:\wamp\www\framework\web\CWebApplication.php(135): CWebApplication->runController('vehiculos/ACCom...')
#9 C:\wamp\www\framework\base\CApplication.php(162): CWebApplication->processRequest()
#10 C:\wamp\www\vehiculos\index.php(13): CApplication->run()
#11 {main}
REQUEST_URI=/vehiculos/index.php/vehiculos/ACCombustibles?term=g
HTTP_REFERER=http://localhost/vehiculos/index.php/vehiculos/update/1
---
2012/02/01 18:14:59 [error] [exception.CHttpException.403] exception 'CHttpException' with message 'You are not authorized to perform this action.' in C:\wamp\www\framework\web\auth\CAccessControlFilter.php:157
Stack trace:
#0 C:\wamp\www\framework\web\auth\CAccessControlFilter.php(120): CAccessControlFilter->accessDenied(Object(CWebUser), 'You are not aut...')
#1 C:\wamp\www\framework\web\filters\CFilter.php(39): CAccessControlFilter->preFilter(Object(CFilterChain))
#2 C:\wamp\www\framework\web\CController.php(1146): CFilter->filter(Object(CFilterChain))
#3 C:\wamp\www\framework\web\filters\CInlineFilter.php(59): CController->filterAccessControl(Object(CFilterChain))
#4 C:\wamp\www\framework\web\filters\CFilterChain.php(131): CInlineFilter->filter(Object(CFilterChain))
#5 C:\wamp\www\framework\web\CController.php(292): CFilterChain->run()
#6 C:\wamp\www\framework\web\CController.php(266): CController->runActionWithFilters(Object(CInlineAction), Array)
#7 C:\wamp\www\framework\web\CWebApplication.php(276): CController->run('ACCombustibles')
#8 C:\wamp\www\framework\web\CWebApplication.php(135): CWebApplication->runController('vehiculos/ACCom...')
#9 C:\wamp\www\framework\base\CApplication.php(162): CWebApplication->processRequest()
#10 C:\wamp\www\vehiculos\index.php(13): CApplication->run()
#11 {main}
REQUEST_URI=/vehiculos/index.php/vehiculos/ACCombustibles?term=di
---
2012/02/01 18:15:09 [error] [exception.CHttpException.403] exception 'CHttpException' with message 'You are not authorized to perform this action.' in C:\wamp\www\framework\web\auth\CAccessControlFilter.php:157
Stack trace:
#0 C:\wamp\www\framework\web\auth\CAccessControlFilter.php(120): CAccessControlFilter->accessDenied(Object(CWebUser), 'You are not aut...')
#1 C:\wamp\www\framework\web\filters\CFilter.php(39): CAccessControlFilter->preFilter(Object(CFilterChain))
#2 C:\wamp\www\framework\web\CController.php(1146): CFilter->filter(Object(CFilterChain))
#3 C:\wamp\www\framework\web\filters\CInlineFilter.php(59): CController->filterAccessControl(Object(CFilterChain))
#4 C:\wamp\www\framework\web\filters\CFilterChain.php(131): CInlineFilter->filter(Object(CFilterChain))
#5 C:\wamp\www\framework\web\CController.php(292): CFilterChain->run()
#6 C:\wamp\www\framework\web\CController.php(266): CController->runActionWithFilters(Object(CInlineAction), Array)
#7 C:\wamp\www\framework\web\CWebApplication.php(276): CController->run('ACCombustibles')
#8 C:\wamp\www\framework\web\CWebApplication.php(135): CWebApplication->runController('vehiculos/ACCom...')
#9 C:\wamp\www\framework\base\CApplication.php(162): CWebApplication->processRequest()
#10 C:\wamp\www\vehiculos\index.php(13): CApplication->run()
#11 {main}
REQUEST_URI=/vehiculos/index.php/vehiculos/ACCombustibles?term=gas
HTTP_REFERER=http://localhost/vehiculos/index.php/vehiculos/update/1
---
2012/02/01 18:16:23 [error] [exception.CHttpException.403] exception 'CHttpException' with message 'You are not authorized to perform this action.' in C:\wamp\www\framework\web\auth\CAccessControlFilter.php:157
Stack trace:
#0 C:\wamp\www\framework\web\auth\CAccessControlFilter.php(120): CAccessControlFilter->accessDenied(Object(CWebUser), 'You are not aut...')
#1 C:\wamp\www\framework\web\filters\CFilter.php(39): CAccessControlFilter->preFilter(Object(CFilterChain))
#2 C:\wamp\www\framework\web\CController.php(1146): CFilter->filter(Object(CFilterChain))
#3 C:\wamp\www\framework\web\filters\CInlineFilter.php(59): CController->filterAccessControl(Object(CFilterChain))
#4 C:\wamp\www\framework\web\filters\CFilterChain.php(131): CInlineFilter->filter(Object(CFilterChain))
#5 C:\wamp\www\framework\web\CController.php(292): CFilterChain->run()
#6 C:\wamp\www\framework\web\CController.php(266): CController->runActionWithFilters(Object(CInlineAction), Array)
#7 C:\wamp\www\framework\web\CWebApplication.php(276): CController->run('ACCombustibles')
#8 C:\wamp\www\framework\web\CWebApplication.php(135): CWebApplication->runController('vehiculos/ACCom...')
#9 C:\wamp\www\framework\base\CApplication.php(162): CWebApplication->processRequest()
#10 C:\wamp\www\vehiculos\index.php(13): CApplication->run()
#11 {main}
REQUEST_URI=/vehiculos/index.php/vehiculos/ACCombustibles?term=d
HTTP_REFERER=http://localhost/vehiculos/index.php/vehiculos/update/1
---
2012/02/01 18:16:45 [error] [exception.CHttpException.403] exception 'CHttpException' with message 'You are not authorized to perform this action.' in C:\wamp\www\framework\web\auth\CAccessControlFilter.php:157
Stack trace:
#0 C:\wamp\www\framework\web\auth\CAccessControlFilter.php(120): CAccessControlFilter->accessDenied(Object(CWebUser), 'You are not aut...')
#1 C:\wamp\www\framework\web\filters\CFilter.php(39): CAccessControlFilter->preFilter(Object(CFilterChain))
#2 C:\wamp\www\framework\web\CController.php(1146): CFilter->filter(Object(CFilterChain))
#3 C:\wamp\www\framework\web\filters\CInlineFilter.php(59): CController->filterAccessControl(Object(CFilterChain))
#4 C:\wamp\www\framework\web\filters\CFilterChain.php(131): CInlineFilter->filter(Object(CFilterChain))
#5 C:\wamp\www\framework\web\CController.php(292): CFilterChain->run()
#6 C:\wamp\www\framework\web\CController.php(266): CController->runActionWithFilters(Object(CInlineAction), Array)
#7 C:\wamp\www\framework\web\CWebApplication.php(276): CController->run('ACTiposVehiculo...')
#8 C:\wamp\www\framework\web\CWebApplication.php(135): CWebApplication->runController('vehiculos/ACTip...')
#9 C:\wamp\www\framework\base\CApplication.php(162): CWebApplication->processRequest()
#10 C:\wamp\www\vehiculos\index.php(13): CApplication->run()
#11 {main}
REQUEST_URI=/vehiculos/index.php/vehiculos/ACTiposVehiculos?term=a
HTTP_REFERER=http://localhost/vehiculos/index.php/vehiculos/update/1
---
2012/02/01 18:22:37 [warning] [application] Failed to set unsafe attribute "idCombustible0" of "Vehiculos".
in C:\wamp\www\vehiculos\protected\controllers\VehiculosController.php (51)
in C:\wamp\www\vehiculos\index.php (13)
2012/02/01 18:22:37 [warning] [application] Failed to set unsafe attribute "idTipoVehiculo0" of "Vehiculos".
in C:\wamp\www\vehiculos\protected\controllers\VehiculosController.php (51)
in C:\wamp\www\vehiculos\index.php (13)
2012/02/01 18:22:37 [warning] [application] Failed to set unsafe attribute "idProveedor0" of "Vehiculos".
in C:\wamp\www\vehiculos\protected\controllers\VehiculosController.php (51)
in C:\wamp\www\vehiculos\index.php (13)
2012/02/01 18:22:37 [warning] [application] Failed to set unsafe attribute "idMarca0" of "Vehiculos".
in C:\wamp\www\vehiculos\protected\controllers\VehiculosController.php (51)
in C:\wamp\www\vehiculos\index.php (13)
2012/02/01 18:22:37 [warning] [application] Failed to set unsafe attribute "idModelo0" of "Vehiculos".
in C:\wamp\www\vehiculos\protected\controllers\VehiculosController.php (51)
in C:\wamp\www\vehiculos\index.php (13)
2012/02/01 18:22:37 [warning] [application] Failed to set unsafe attribute "idColor0" of "Vehiculos".
in C:\wamp\www\vehiculos\protected\controllers\VehiculosController.php (51)
in C:\wamp\www\vehiculos\index.php (13)
